-------------------------------------------------------------------------------
Test set: com.surefire.test.SurefireTestProjectApplicationTests
-------------------------------------------------------------------------------
Tests run: 6, Failures: 2, Errors: 0, Skipped: 0, Time elapsed: 2.477 s <<< FAILURE! - in com.surefire.test.SurefireTestProjectApplicationTests
testAddingTwoPositives  Time elapsed: 0 s  <<< FAILURE!
org.opentest4j.AssertionFailedError: Add method should return the sum of two numbers ==> expected: <3> but was: <2>
	at com.surefire.test.SurefireTestProjectApplicationTests$AddTest.testAddingTwoPositives(SurefireTestProjectApplicationTests.java:29)

testAddingTwoNegatives  Time elapsed: 0.084 s  <<< FAILURE!
org.opentest4j.AssertionFailedError: Add method should return the sum of two numbers ==> expected: <-1> but was: <-2>
	at com.surefire.test.SurefireTestProjectApplicationTests$AddTest.testAddingTwoNegatives(SurefireTestProjectApplicationTests.java:35)

