-------------------------------------------------------------------------------
Test set: com.surefire.test.SurefireTestProjectApplicationTests
-------------------------------------------------------------------------------
Tests run: 6, Failures: 1, Errors: 0, Skipped: 0, Time elapsed: 3.129 s <<< FAILURE! - in com.surefire.test.SurefireTestProjectApplicationTests
testAddingTwoPositives  Time elapsed: 0.023 s  <<< FAILURE!
org.opentest4j.AssertionFailedError: Add method should return the sum of two numbers ==> expected: <3> but was: <2>
	at com.surefire.test.SurefireTestProjectApplicationTests$AddTest.testAddingTwoPositives(SurefireTestProjectApplicationTests.java:29)

